Performing C SOURCE FILE Test CMAKE_HAVE_LIBC_PTHREAD failed with the following output:
Change Dir: /sdb/wyh/DL_Tensorrt/yolox_Tensorrt/my_onnx2trt/build/CMakeFiles/CMakeTmp

Run Build Command(s):/usr/bin/make cmTC_61329/fast && /usr/bin/make  -f CMakeFiles/cmTC_61329.dir/build.make CMakeFiles/cmTC_61329.dir/build
make[1]: Entering directory '/sdb/wyh/DL_Tensorrt/yolox_Tensorrt/my_onnx2trt/build/CMakeFiles/CMakeTmp'
Building C object CMakeFiles/cmTC_61329.dir/src.c.o
/usr/bin/cc   -fPIC -DCMAKE_HAVE_LIBC_PTHREAD   -o CMakeFiles/cmTC_61329.dir/src.c.o   -c /sdb/wyh/DL_Tensorrt/yolox_Tensorrt/my_onnx2trt/build/CMakeFiles/CMakeTmp/src.c
Linking C executable cmTC_61329
/usr/bin/Cmake/bin/cmake -E cmake_link_script CMakeFiles/cmTC_61329.dir/link.txt --verbose=1
/usr/bin/cc -fPIC -DCMAKE_HAVE_LIBC_PTHREAD    CMakeFiles/cmTC_61329.dir/src.c.o  -o cmTC_61329 
CMakeFiles/cmTC_61329.dir/src.c.o: In function `main':
src.c:(.text+0x3e): undefined reference to `pthread_create'
src.c:(.text+0x4a): undefined reference to `pthread_detach'
src.c:(.text+0x5b): undefined reference to `pthread_join'
src.c:(.text+0x6f): undefined reference to `pthread_atfork'
collect2: error: ld returned 1 exit status
CMakeFiles/cmTC_61329.dir/build.make:89: recipe for target 'cmTC_61329' failed
make[1]: *** [cmTC_61329] Error 1
make[1]: Leaving directory '/sdb/wyh/DL_Tensorrt/yolox_Tensorrt/my_onnx2trt/build/CMakeFiles/CMakeTmp'
Makefile:124: recipe for target 'cmTC_61329/fast' failed
make: *** [cmTC_61329/fast] Error 2


Source file was:
#include <pthread.h>

void* test_func(void* data)
{
  return data;
}

int main(void)
{
  pthread_t thread;
  pthread_create(&thread, NULL, test_func, NULL);
  pthread_detach(thread);
  pthread_join(thread, NULL);
  pthread_atfork(NULL, NULL, NULL);
  pthread_exit(NULL);

  return 0;
}

Determining if the function pthread_create exists in the pthreads failed with the following output:
Change Dir: /sdb/wyh/DL_Tensorrt/yolox_Tensorrt/my_onnx2trt/build/CMakeFiles/CMakeTmp

Run Build Command(s):/usr/bin/make cmTC_d45a6/fast && /usr/bin/make  -f CMakeFiles/cmTC_d45a6.dir/build.make CMakeFiles/cmTC_d45a6.dir/build
make[1]: Entering directory '/sdb/wyh/DL_Tensorrt/yolox_Tensorrt/my_onnx2trt/build/CMakeFiles/CMakeTmp'
Building C object CMakeFiles/cmTC_d45a6.dir/CheckFunctionExists.c.o
/usr/bin/cc   -fPIC -DCHECK_FUNCTION_EXISTS=pthread_create   -o CMakeFiles/cmTC_d45a6.dir/CheckFunctionExists.c.o   -c /usr/bin/Cmake/share/cmake-3.16/Modules/CheckFunctionExists.c
Linking C executable cmTC_d45a6
/usr/bin/Cmake/bin/cmake -E cmake_link_script CMakeFiles/cmTC_d45a6.dir/link.txt --verbose=1
/usr/bin/cc -fPIC -DCHECK_FUNCTION_EXISTS=pthread_create    CMakeFiles/cmTC_d45a6.dir/CheckFunctionExists.c.o  -o cmTC_d45a6  -lpthreads 
/usr/bin/ld: cannot find -lpthreads
collect2: error: ld returned 1 exit status
CMakeFiles/cmTC_d45a6.dir/build.make:89: recipe for target 'cmTC_d45a6' failed
make[1]: *** [cmTC_d45a6] Error 1
make[1]: Leaving directory '/sdb/wyh/DL_Tensorrt/yolox_Tensorrt/my_onnx2trt/build/CMakeFiles/CMakeTmp'
Makefile:124: recipe for target 'cmTC_d45a6/fast' failed
make: *** [cmTC_d45a6/fast] Error 2



