Performing C SOURCE FILE Test CMAKE_HAVE_LIBC_PTHREAD failed with the following output:
Change Dir: /home/uisee/my_onnx2trt/cmake-build-debug/CMakeFiles/CMakeTmp

Run Build Command(s):/usr/bin/make cmTC_04072/fast && /usr/bin/make  -f CMakeFiles/cmTC_04072.dir/build.make CMakeFiles/cmTC_04072.dir/build
make[1]: Entering directory '/home/uisee/my_onnx2trt/cmake-build-debug/CMakeFiles/CMakeTmp'
Building C object CMakeFiles/cmTC_04072.dir/src.c.o
/usr/bin/cc -DCMAKE_HAVE_LIBC_PTHREAD  -fPIC  -o CMakeFiles/cmTC_04072.dir/src.c.o -c /home/uisee/my_onnx2trt/cmake-build-debug/CMakeFiles/CMakeTmp/src.c
Linking C executable cmTC_04072
/home/uisee/clion-2021.1.3/bin/cmake/linux/bin/cmake -E cmake_link_script CMakeFiles/cmTC_04072.dir/link.txt --verbose=1
/usr/bin/cc -fPIC  CMakeFiles/cmTC_04072.dir/src.c.o -o cmTC_04072 
CMakeFiles/cmTC_04072.dir/src.c.o：在函数‘main’中：
src.c:(.text+0x3e)：对‘pthread_create’未定义的引用
src.c:(.text+0x4a)：对‘pthread_detach’未定义的引用
src.c:(.text+0x56)：对‘pthread_cancel’未定义的引用
src.c:(.text+0x67)：对‘pthread_join’未定义的引用
src.c:(.text+0x7b)：对‘pthread_atfork’未定义的引用
collect2: error: ld returned 1 exit status
CMakeFiles/cmTC_04072.dir/build.make:105: recipe for target 'cmTC_04072' failed
make[1]: *** [cmTC_04072] Error 1
make[1]: Leaving directory '/home/uisee/my_onnx2trt/cmake-build-debug/CMakeFiles/CMakeTmp'
Makefile:140: recipe for target 'cmTC_04072/fast' failed
make: *** [cmTC_04072/fast] Error 2


Source file was:
#include <pthread.h>

static void* test_func(void* data)
{
  return data;
}

int main(void)
{
  pthread_t thread;
  pthread_create(&thread, NULL, test_func, NULL);
  pthread_detach(thread);
  pthread_cancel(thread);
  pthread_join(thread, NULL);
  pthread_atfork(NULL, NULL, NULL);
  pthread_exit(NULL);

  return 0;
}

Determining if the function pthread_create exists in the pthreads failed with the following output:
Change Dir: /home/uisee/my_onnx2trt/cmake-build-debug/CMakeFiles/CMakeTmp

Run Build Command(s):/usr/bin/make cmTC_5cb41/fast && /usr/bin/make  -f CMakeFiles/cmTC_5cb41.dir/build.make CMakeFiles/cmTC_5cb41.dir/build
make[1]: Entering directory '/home/uisee/my_onnx2trt/cmake-build-debug/CMakeFiles/CMakeTmp'
Building C object CMakeFiles/cmTC_5cb41.dir/CheckFunctionExists.c.o
/usr/bin/cc   -fPIC -DCHECK_FUNCTION_EXISTS=pthread_create -o CMakeFiles/cmTC_5cb41.dir/CheckFunctionExists.c.o -c /home/uisee/clion-2021.1.3/bin/cmake/linux/share/cmake-3.19/Modules/CheckFunctionExists.c
Linking C executable cmTC_5cb41
/home/uisee/clion-2021.1.3/bin/cmake/linux/bin/cmake -E cmake_link_script CMakeFiles/cmTC_5cb41.dir/link.txt --verbose=1
/usr/bin/cc -fPIC -DCHECK_FUNCTION_EXISTS=pthread_create CMakeFiles/cmTC_5cb41.dir/CheckFunctionExists.c.o -o cmTC_5cb41  -lpthreads 
/usr/bin/ld: 找不到 -lpthreads
collect2: error: ld returned 1 exit status
CMakeFiles/cmTC_5cb41.dir/build.make:105: recipe for target 'cmTC_5cb41' failed
make[1]: *** [cmTC_5cb41] Error 1
make[1]: Leaving directory '/home/uisee/my_onnx2trt/cmake-build-debug/CMakeFiles/CMakeTmp'
Makefile:140: recipe for target 'cmTC_5cb41/fast' failed
make: *** [cmTC_5cb41/fast] Error 2



